* using log directory 'C:/Users/shaun/OneDrive - Johns Hopkins University/IDD SVN Repository/global-toolbox/trunk/globaltoolbox.Rcheck'
* using R version 3.5.2 (2018-12-20)
* using platform: x86_64-w64-mingw32 (64-bit)
* using session charset: ISO8859-1
* using options '--no-manual --as-cran'
* checking for file 'globaltoolbox/DESCRIPTION' ... OK
* this is package 'globaltoolbox' version '0.0.0.9000'
* package encoding: UTF-8
* checking package namespace information ... OK
* checking package dependencies ... OK
* checking if this is a source package ... OK
* checking if there is a namespace ... OK
* checking for executable files ... OK
* checking for hidden files and directories ... OK
* checking for portable file names ... OK
* checking serialization versions ... OK
* checking whether package 'globaltoolbox' can be installed ... WARNING
Found the following significant warnings:
  Note: possible error in 'get_shape_file(location_name = loc_name, ': unused argument (layers_dir = layers_dir) 
See 'C:/Users/shaun/OneDrive - Johns Hopkins University/IDD SVN Repository/global-toolbox/trunk/globaltoolbox.Rcheck/00install.out' for details.
Information on the location(s) of code generating the 'Note's can be
obtained by re-running with environment variable R_KEEP_PKG_SOURCE set
to 'yes'.
* checking installed package size ... OK
* checking package directory ... OK
* checking DESCRIPTION meta-information ... NOTE
Packages listed in more than one of Depends, Imports, Suggests, Enhances:
  'countrycode' 'raster' 'sf'
A package should be listed in only one of these fields.
* checking top-level files ... NOTE
Non-standard file/directory found at top level:
  'covariates.R'
* checking for left-over files ... OK
* checking index information ... OK
* checking package subdirectories ... OK
* checking R files for non-ASCII characters ... OK
* checking R files for syntax errors ... OK
* checking whether the package can be loaded ... OK
* checking whether the package can be loaded with stated dependencies ... OK
* checking whether the package can be unloaded cleanly ... OK
* checking whether the namespace can be loaded with stated dependencies ... OK
* checking whether the namespace can be unloaded cleanly ... OK
* checking loading without being on the library search path ... OK
* checking dependencies in R code ... NOTE
'library' or 'require' call to 'sf' in package code.
  Please use :: or requireNamespace() instead.
  See section 'Suggested packages' in the 'Writing R Extensions' manual.
Package in Depends field not imported from: 'magrittr'
  These packages need to be imported from (in the NAMESPACE file)
  for when this namespace is loaded but not attached.
* checking S3 generic/method consistency ... OK
* checking replacement functions ... OK
* checking foreign function calls ... OK
* checking R code for possible problems ... NOTE
create_location_file: no visible global function definition for
  'spsample'
create_location_file: no visible global function definition for 'as'
create_location_file: no visible global function definition for
  'setNames'
create_location_file: no visible global function definition for
  'write.table'
create_location_sf: no visible binding for global variable 'value'
create_location_sf: no visible global function definition for
  'group_by'
create_location_sf: no visible global function definition for 'do'
create_location_sf: no visible binding for global variable '.'
create_location_sf: no visible binding for global variable 'ISO_level'
create_location_sf : <anonymous>: no visible global function definition
  for 'na.omit'
create_population_file: no visible global function definition for
  'mutate'
create_population_file: no visible binding for global variable
  'location'
create_population_file: no visible binding for global variable
  'pop_file'
create_population_file: no visible global function definition for
  'select_'
create_population_file: no visible global function definition for
  'write.csv'
create_population_file: no visible global function definition for
  'read.csv'
create_population_file: no visible binding for global variable 'TL'
create_population_file: no visible binding for global variable 'TR'
create_population_file: no visible binding for global variable 'pop'
create_population_file: no visible global function definition for
  'full_join'
create_water_rasters: no visible global function definition for
  'as_data_frame'
create_water_shapefiles: no visible global function definition for
  'download.file'
create_water_shapefiles: no visible global function definition for
  'unzip'
create_worldpop_region_shapefiles: no visible global function
  definition for 'group_by'
create_worldpop_region_shapefiles: no visible binding for global
  variable 'worldpop_region'
create_worldpop_region_shapefiles: no visible global function
  definition for 'summarize'
create_worldpop_region_shapefiles: no visible binding for global
  variable 'shp'
exists_shape_file: no visible global function definition for
  'read_location_csv'
extract_shapefile_from_raster: no visible global function definition
  for 'as'
extract_shapefile_from_raster: no visible global function definition
  for 'expand_extent'
fix_country_name: no visible global function definition for 'read.csv'
fix_country_name : <anonymous>: no visible global function definition
  for 'read.csv'
fix_location_name: no visible global function definition for 'data'
fix_location_name: no visible global function definition for 'mutate_'
fix_location_name: no visible global function definition for 'setNames'
fix_location_name: no visible binding for global variable 'ISO_A1'
fix_location_name: no visible binding for global variable
  'location.array'
fix_location_name: no visible binding for global variable 'WHO_regions'
fix_location_name: no visible binding for global variable
  'Country.code'
fix_location_name: no visible global function definition for
  'download.file'
get.ISO2.from.ISO3: no visible binding for global variable
  'country_codes'
get.ISO3.from.ISO2: no visible binding for global variable
  'country_codes'
get.UNcode: no visible binding for global variable 'country_codes'
get.UNcode.from.ISO3: no visible binding for global variable
  'country_codes'
get.country.code: no visible binding for global variable
  'country_codes'
get.country.name.ISO2: no visible binding for global variable
  'country_codes'
get.country.name.ISO3: no visible binding for global variable
  'country_codes'
get.country.name.std: no visible binding for global variable
  'country_codes'
get.iso: no visible binding for global variable 'country_names'
get.region: no visible binding for global variable 'region_data'
get.subregion: no visible binding for global variable 'region_data'
get.who.region: no visible binding for global variable 'region_data'
get_country_sublevels : <anonymous>: no visible global function
  definition for 'read.csv'
get_country_sublevels : <anonymous>: possible error in
  get_shape_file(location_name = loc_name, taxonomy_dir = taxonomy_dir,
  layers_dir = layers_dir, verbose = verbose, method = "center", date =
  date): unused argument (layers_dir = layers_dir)
get_country_sublevels: no visible global function definition for
  'download.file'
get_shape_file: no visible global function definition for 'data_frame'
get_shape_file: no visible global function definition for 'left_join'
get_shape_file: no visible binding for global variable 'ISO_A2_level'
get_shape_file: no visible global function definition for
  'read_location_csv'
get_shape_file: no visible global function definition for
  'download.file'
group_location_sf: no visible binding for global variable
  'ISO_A2_level'
group_location_sf: no visible binding for global variable 'n.overlaps'
group_location_sf: no visible binding for global variable 'pipe_idx'
group_location_sf: no visible binding for global variable 'arg_idx'
group_location_sf : <anonymous>: no visible binding for global variable
  'ISO_A2_level'
group_location_sf : <anonymous>: no visible global function definition
  for 'select'
group_location_sf : <anonymous>: no visible binding for global variable
  'geometry'
group_location_sf : <anonymous>: no visible global function definition
  for 'summarize_all'
group_location_sf : <anonymous>: no visible global function definition
  for 'funs'
group_location_sf : <anonymous>: no visible binding for global variable
  '.'
load_covariate_estimates: no visible global function definition for
  'aggregate_raster_xlayers'
load_covariate_estimates: no visible global function definition for
  'res'
load_population_estimates: no visible global function definition for
  'aggregate_raster_xlayers'
load_population_estimates : <anonymous>: no visible global function
  definition for 'lm'
load_population_estimates: no visible binding for global variable
  'predict'
load_population_estimates_slow: no visible global function definition
  for 'projection'
load_population_estimates_slow: no visible global function definition
  for 'regrid_raster'
load_population_estimates_slow: no visible global function definition
  for 'aggregate_raster_xlayers'
load_population_estimates_slow : <anonymous>: no visible global
  function definition for 'lm'
load_population_estimates_slow: no visible binding for global variable
  'predict'
lookup_WHO_region: no visible global function definition for 'data'
lookup_WHO_region: no visible binding for global variable 'WHO_regions'
lookup_WorldPop_region: no visible global function definition for
  'read.csv'
lookup_WorldPop_region : <anonymous>: no visible global function
  definition for 'read.csv'
match_country: no visible binding for global variable 'score_sum'
reduce_sf_vector: no visible global function definition for 'bind_cols'
Undefined global functions or variables:
  . Country.code ISO_A1 ISO_A2_level ISO_level TL TR WHO_regions
  aggregate_raster_xlayers arg_idx as as_data_frame bind_cols
  country_codes country_names data data_frame do download.file
  expand_extent full_join funs geometry group_by left_join lm location
  location.array mutate mutate_ n.overlaps na.omit pipe_idx pop
  pop_file predict projection read.csv read_location_csv region_data
  regrid_raster res score_sum select select_ setNames shp spsample
  summarize summarize_all unzip value worldpop_region write.csv
  write.table
Consider adding
  importFrom("methods", "as")
  importFrom("stats", "lm", "na.omit", "predict", "setNames")
  importFrom("utils", "data", "download.file", "read.csv", "unzip",
             "write.csv", "write.table")
to your NAMESPACE file (and ensure that your DESCRIPTION Imports field
contains 'methods').

Found the following calls to data() loading into the global environment:
File 'globaltoolbox/R/get_country.R':
  data("country_names", package = "globaltoolbox")
File 'globaltoolbox/R/get_region.R':
  data("region_data", package = "globaltoolbox")
File 'globaltoolbox/R/shapefiles.R':
  data("WHO_regions", package = "globaltoolbox")
  data("WHO_regions", package = "taxdat")
  data("WHO_regions", package = "taxdat")
See section 'Good practice' in '?data'.
* checking Rd files ... OK
* checking Rd metadata ... OK
* checking Rd line widths ... OK
* checking Rd cross-references ... OK
* checking for missing documentation entries ... WARNING
Undocumented code objects:
  'WHO_regions' 'country_codes' 'country_iso' 'country_names'
  'create_location_sf' 'create_water_shapefiles' 'group_location_sf'
  'region_data' 'test_country_names'
Undocumented data sets:
  'WHO_regions' 'country_codes' 'country_iso' 'country_names'
  'region_data' 'test_country_names'
All user-level objects in a package should have documentation entries.
See chapter 'Writing R documentation files' in the 'Writing R
Extensions' manual.
* checking for code/documentation mismatches ... OK
* checking Rd \usage sections ... WARNING
Undocumented arguments in documentation object 'coordinate_to_shapefile'
  'lat' 'long' 'country' 'ISO_level'

Undocumented arguments in documentation object 'create_location_file'
  'start_date' 'end_date' 'replace.existing' 'verbose'

Undocumented arguments in documentation object 'create_population_file'
  'data' 'replace.existing'
Documented arguments not in \usage in documentation object 'create_population_file':
  'location'

Documented arguments not in \usage in documentation object 'create_worldpop_region_shapefiles':
  'raster' 'layers_dir'

Undocumented arguments in documentation object 'exists_shape_file'
  'verbose'

Undocumented arguments in documentation object 'extract_shapefile_from_shapefile'
  'strict'
Documented arguments not in \usage in documentation object 'extract_shapefile_from_shapefile':
  'strict.'

Undocumented arguments in documentation object 'fix_country_name'
  'verbose'

Undocumented arguments in documentation object 'fix_location_name'
  'verbose'

Undocumented arguments in documentation object 'get.country.name.ISO3'
  'ISO'

Undocumented arguments in documentation object 'get_country_shapefile'
  'verbose'

Undocumented arguments in documentation object 'get_country_sublevels'
  'method' 'layers_dir' 'date'

Undocumented arguments in documentation object 'get_shape_file'
  'location_name' 'verbose' 'date' 'thorough'
Documented arguments not in \usage in documentation object 'get_shape_file':
  'location' 'layers_dir'

Undocumented arguments in documentation object 'load_covariate_estimates'
  'region' 'tol'

Undocumented arguments in documentation object 'load_population_estimates_slow'
  'raster_layer'
Documented arguments not in \usage in documentation object 'load_population_estimates_slow':
  'raster'

Functions with \usage entries need to have the appropriate \alias
entries, and all their arguments documented.
The \usage entries must correspond to syntactically valid R code.
See chapter 'Writing R documentation files' in the 'Writing R
Extensions' manual.
* checking Rd contents ... OK
* checking for unstated dependencies in examples ... OK
* checking contents of 'data' directory ... OK
* checking data for non-ASCII characters ... NOTE
  Error in iconv(x, ...) : embedded nul in string: 'P\020Q\0Q\003P1P0'
  Calls: <Anonymous> ... format.check_package_datasets -> paste0 -> iconv0 -> paste0 -> iconv
  Execution halted
* checking data for ASCII and uncompressed saves ... OK
* checking examples ... NONE
* checking for unstated dependencies in 'tests' ... OK
* checking tests ... ERROR
  Running 'testthat.R'
Running the tests in 'tests/testthat.R' failed.
Last 13 lines of output:
  The following objects are masked from 'package:base':
  
      intersect, setdiff, setequal, union
  
  > 
  > test_check("globaltoolbox")
  Error in parse(textConnection(lines, encoding = "UTF-8"), n = -1, srcfile = srcfile,  : 
    testthat/test-get_country.R:15:0: unexpected end of input
  13:     
  14:     
     ^
  Calls: test_check ... FUN -> with_reporter -> force -> source_file -> parse
  == testthat results  ===============================
  OK: 0 SKIPPED: 0 FAILED: 0
  Execution halted
* DONE
Status: 1 ERROR, 3 WARNINGs, 5 NOTEs
